2025-04-15 08:18:38.928 [info] Extension host with pid 20889 started
2025-04-15 08:18:38.928 [info] Skipping acquiring lock for /home/daci/.config/Code - OSS/User/workspaceStorage/9a01e157c08ba1988f4a116b0abe03b0.
2025-04-15 08:18:39.087 [info] ExtensionService#_doActivateExtension vscode.emmet, startup: false, activationEvent: 'onLanguage'
2025-04-15 08:18:39.102 [info] ExtensionService#_doActivateExtension vscode.css-language-features, startup: false, activationEvent: 'onLanguage:css'
2025-04-15 08:18:39.291 [info] ExtensionService#_doActivateExtension vscode.git-base, startup: true, activationEvent: '*', root cause: vscode.git
2025-04-15 08:18:39.293 [info] ExtensionService#_doActivateExtension vscode.git, startup: true, activationEvent: '*'
2025-04-15 08:18:39.338 [info] ExtensionService#_doActivateExtension vscode.github, startup: true, activationEvent: '*'
2025-04-15 08:18:39.371 [info] Eager extensions activated
2025-04-15 08:18:39.387 [info] ExtensionService#_doActivateExtension vscode.debug-auto-launch, startup: false, activationEvent: 'onStartupFinished'
2025-04-15 08:18:39.389 [info] ExtensionService#_doActivateExtension vscode.merge-conflict, startup: false, activationEvent: 'onStartupFinished'
2025-04-15 08:18:39.401 [info] ExtensionService#_doActivateExtension ritwickdey.LiveServer, startup: false, activationEvent: 'onStartupFinished'
2025-04-15 08:18:39.404 [info] ExtensionService#_doActivateExtension vscodevim.vim, startup: false, activationEvent: 'onStartupFinished'
2025-04-15 09:17:47.080 [info] Extension host terminating: renderer closed the MessagePort
2025-04-15 09:17:47.090 [error] TypeError: r.some is not a function
	at h.saveToDisk (/home/daci/.vscode-oss/extensions/vscodevim.vim-1.29.0/out/extension.js:2:663045)
	at t.deactivate (/home/daci/.vscode-oss/extensions/vscodevim.vim-1.29.0/out/extension.js:2:177330)
	at PW.eb (file:///usr/lib/code-oss/resources/app/out/vs/workbench/api/node/extensionHostProcess.js:116:11724)
	at file:///usr/lib/code-oss/resources/app/out/vs/workbench/api/node/extensionHostProcess.js:116:9874
	at Array.map (<anonymous>)
	at PW.$ (file:///usr/lib/code-oss/resources/app/out/vs/workbench/api/node/extensionHostProcess.js:116:9862)
	at PW.terminate (file:///usr/lib/code-oss/resources/app/out/vs/workbench/api/node/extensionHostProcess.js:116:10105)
	at wC.terminate (file:///usr/lib/code-oss/resources/app/out/vs/workbench/api/node/extensionHostProcess.js:117:1434)
	at ts (file:///usr/lib/code-oss/resources/app/out/vs/workbench/api/node/extensionHostProcess.js:190:15080)
	at MessagePortMain.<anonymous> (file:///usr/lib/code-oss/resources/app/out/vs/workbench/api/node/extensionHostProcess.js:190:11628)
	at MessagePortMain.emit (node:events:519:28)
	at MessagePortMain._internalPort.emit (node:electron/js2c/utility_init:2:2949)
2025-04-15 09:17:47.090 [info] Extension host with pid 20889 exiting with code 0
