2025-04-16 05:51:57.974 [info] Configuration changed
2025-04-16 05:52:12.178 [info] Active editor: file:///home/daci/site/index.html
2025-04-16 05:52:13.180 [info] Active editor: file:///home/daci/site/index.html
2025-04-16 05:53:10.502 [info] Executing :edit style.css
2025-04-16 05:53:10.539 [info] Active editor: file:///home/daci/site/style.css
2025-04-16 05:53:11.422 [info] Active editor: file:///home/daci/site/index.html
2025-04-16 05:53:15.772 [info] Active editor: file:///home/daci/site/style.css
2025-04-16 05:53:32.522 [info] Executing :w
2025-04-16 05:53:33.914 [info] Active editor: file:///home/daci/site/index.html
2025-04-16 05:53:35.189 [info] Executing :w
2025-04-16 05:53:49.168 [info] Active editor: file:///home/daci/site/style.css
2025-04-16 05:54:03.948 [info] Executing :W
2025-04-16 05:54:06.603 [info] Executing :w
2025-04-16 05:54:25.852 [info] Executing :w
2025-04-16 05:54:51.091 [info] Executing :w
2025-04-16 05:55:24.142 [info] Executing :w
2025-04-16 05:55:33.813 [info] Active editor: file:///home/daci/site/index.html
2025-04-16 05:55:37.542 [info] Executing :w
2025-04-16 05:58:01.411 [info] Executing :w
2025-04-16 05:58:02.431 [info] Active editor: file:///home/daci/site/style.css
2025-04-16 05:58:07.213 [info] Active editor: file:///home/daci/site/index.html
2025-04-16 05:58:12.348 [info] Active editor: file:///home/daci/site/style.css
2025-04-16 05:58:18.118 [info] Executing :w
2025-04-16 05:58:18.545 [info] Active editor: file:///home/daci/site/index.html
2025-04-16 05:58:19.590 [info] Executing :w
2025-04-16 05:58:43.122 [info] Active editor: file:///home/daci/site/style.css
2025-04-16 05:58:44.515 [info] Active editor: file:///home/daci/site/index.html
2025-04-16 05:58:46.941 [info] Executing :w
2025-04-16 05:58:48.027 [info] Active editor: file:///home/daci/site/style.css
2025-04-16 06:05:31.326 [info] Active editor: file:///home/daci/site/index.html
2025-04-16 06:05:32.031 [info] Active editor: file:///home/daci/site/style.css
2025-04-16 06:05:40.947 [info] Active editor: file:///home/daci/site/index.html
2025-04-16 06:05:43.639 [info] Active editor: file:///home/daci/site/style.css
2025-04-16 06:05:46.953 [info] Executing :w
2025-04-16 06:05:47.781 [info] Active editor: file:///home/daci/site/index.html
2025-04-16 06:06:06.437 [info] Active editor: file:///home/daci/site/style.css
2025-04-16 06:06:07.780 [info] Active editor: file:///home/daci/site/index.html
2025-04-16 06:06:27.059 [info] Active editor: file:///home/daci/site/style.css
2025-04-16 06:06:27.863 [info] Active editor: file:///home/daci/site/index.html
2025-04-16 06:06:28.762 [info] Executing :w
2025-04-16 06:07:50.387 [info] Active editor: file:///home/daci/site/style.css
2025-04-16 06:08:04.072 [info] Executing :w
2025-04-16 06:09:48.776 [info] Executing :w
2025-04-16 06:10:23.737 [info] Active editor: file:///home/daci/site/index.html
2025-04-16 06:10:44.489 [info] Executing :w
2025-04-16 06:10:55.100 [info] Executing :w
2025-04-16 06:11:04.087 [info] Executing :w
2025-04-16 06:11:34.413 [info] Executing :w
2025-04-16 06:11:47.974 [info] Executing :w
2025-04-16 06:11:58.665 [info] Active editor: file:///home/daci/site/style.css
2025-04-16 06:12:16.458 [info] Executing :w
2025-04-16 06:12:18.160 [info] Executing :w
2025-04-16 06:12:23.721 [info] Executing :w
2025-04-16 06:17:02.438 [info] Active editor: file:///home/daci/site/index.html
