2025-04-15 07:14:29.603 [info] [main] Log level: Info
2025-04-15 07:14:29.603 [info] [main] Validating found git in: "git"
2025-04-15 07:14:29.603 [info] [main] Using git "2.49.0" from "git"
2025-04-15 07:14:29.603 [info] [Model][doInitialScan] Initial repository scan started
2025-04-15 07:14:29.603 [info] > git rev-parse --show-toplevel [4ms]
2025-04-15 07:14:29.603 [info] fatal: not a git repository (or any of the parent directories): .git
2025-04-15 07:14:29.603 [info] > git rev-parse --show-toplevel [3ms]
2025-04-15 07:14:29.603 [info] fatal: not a git repository (or any of the parent directories): .git
2025-04-15 07:14:29.603 [info] [Model][doInitialScan] Initial repository scan completed - repositories (0), closed repositories (0), parent repositories (0), unsafe repositories (0)
2025-04-15 07:14:29.897 [info] > git rev-parse --show-toplevel [3ms]
2025-04-15 07:14:29.897 [info] fatal: not a git repository (or any of the parent directories): .git
2025-04-15 07:33:10.790 [info] > git rev-parse --show-toplevel [1ms]
2025-04-15 07:33:10.790 [info] fatal: not a git repository (or any of the parent directories): .git
2025-04-15 07:33:33.086 [info] > git rev-parse --show-toplevel [1ms]
2025-04-15 07:33:33.086 [info] fatal: not a git repository (or any of the parent directories): .git
2025-04-15 07:33:33.994 [info] > git rev-parse --show-toplevel [0ms]
2025-04-15 07:33:33.994 [info] fatal: not a git repository (or any of the parent directories): .git
2025-04-15 07:33:35.225 [info] > git rev-parse --show-toplevel [1ms]
2025-04-15 07:33:35.225 [info] fatal: not a git repository (or any of the parent directories): .git
2025-04-15 07:33:35.229 [info] > git rev-parse --show-toplevel [1ms]
2025-04-15 07:33:35.229 [info] fatal: not a git repository (or any of the parent directories): .git
2025-04-15 07:33:38.215 [info] > git rev-parse --show-toplevel [0ms]
2025-04-15 07:33:38.215 [info] fatal: not a git repository (or any of the parent directories): .git
2025-04-15 07:33:38.224 [info] > git rev-parse --show-toplevel [1ms]
2025-04-15 07:33:38.224 [info] fatal: not a git repository (or any of the parent directories): .git
2025-04-15 07:33:38.229 [info] > git rev-parse --show-toplevel [1ms]
2025-04-15 07:33:38.229 [info] fatal: not a git repository (or any of the parent directories): .git
2025-04-15 07:34:38.735 [info] > git rev-parse --show-toplevel [1ms]
2025-04-15 07:34:38.735 [info] fatal: not a git repository (or any of the parent directories): .git
2025-04-15 07:34:38.746 [info] > git rev-parse --show-toplevel [1ms]
2025-04-15 07:34:38.746 [info] fatal: not a git repository (or any of the parent directories): .git
2025-04-15 07:34:38.750 [info] > git rev-parse --show-toplevel [0ms]
2025-04-15 07:34:38.750 [info] fatal: not a git repository (or any of the parent directories): .git
2025-04-15 07:34:41.076 [info] > git rev-parse --show-toplevel [1ms]
2025-04-15 07:34:41.077 [info] fatal: not a git repository (or any of the parent directories): .git
