{"level":30,"time":"2025-04-24T01:25:10.649Z","msg":"got fast localeOverride setting null"}
{"level":30,"time":"2025-04-24T01:25:10.650Z","msg":"app.ready: hour cycle preference: UnknownPreference"}
{"level":30,"time":"2025-04-24T01:25:10.651Z","msg":"app.ready: preferred system locales: en-US, en"}
{"level":30,"time":"2025-04-24T01:25:10.651Z","msg":"locale: Supported locales: af-ZA, ar, az-AZ, bg-BG, bn-BD, bs-BA, ca, cs, da, de, el, en, es, et-EE, eu, fa-IR, fi, fr, ga-IE, gl-ES, gu-IN, he, hi-IN, hr-HR, hu, id, it, ja, ka-GE, kk-KZ, km-KH, kn-IN, ko, ky-KG, lt-LT, lv-LV, mk-MK, ml-IN, mr-IN, ms, my, nb, nl, pa-IN, pl, pt-BR, pt-PT, ro-RO, ru, sk-SK, sl-SI, sq-AL, sr, sv, sw, ta-IN, te-IN, th, tl-PH, tr, ug, uk-UA, ur, vi, yue, zh-CN, zh-HK, zh-Hant"}
{"level":30,"time":"2025-04-24T01:25:10.651Z","msg":"locale: Preferred locales: en-US, en"}
{"level":30,"time":"2025-04-24T01:25:10.651Z","msg":"locale: Locale Override: null"}
{"level":30,"time":"2025-04-24T01:25:10.652Z","msg":"locale: Matched locale: en"}
{"level":40,"time":"2025-04-24T01:25:10.684Z","msg":"intl.onWarn [@formatjs/intl] \"defaultRichTextElements\" was specified but \"message\" was not pre-compiled. \nPlease consider using \"@formatjs/cli\" to pre-compile your messages for performance.\nFor more details see https://formatjs.io/docs/getting-started/message-distribution"}
{"level":30,"time":"2025-04-24T01:25:10.685Z","msg":"locale: Text info direction for en: ltr"}
{"level":30,"time":"2025-04-24T01:25:10.686Z","msg":"getSQLKey: using legacy key"}
{"level":30,"time":"2025-04-24T01:25:10.687Z","msg":"getSystemTraySetting got value DoNotUseSystemTray"}
{"level":30,"time":"2025-04-24T01:25:10.687Z","msg":"getSystemTraySetting returning DoNotUseSystemTray"}
{"level":30,"time":"2025-04-24T01:25:10.689Z","msg":"app ready"}
{"level":30,"time":"2025-04-24T01:25:10.689Z","msg":"starting version 7.42.0"}
{"level":30,"time":"2025-04-24T01:25:10.690Z","msg":"media access status [object Undefined] [object Undefined]"}
{"level":30,"time":"2025-04-24T01:25:10.692Z","msg":"got fast theme-setting value system"}
{"level":30,"time":"2025-04-24T01:25:10.711Z","msg":"got fast theme-setting value system"}
{"level":30,"time":"2025-04-24T01:25:10.711Z","msg":"got fast spellcheck setting true"}
{"level":30,"time":"2025-04-24T01:25:10.712Z","msg":"visibleOnAnyScreen(window): x=2, y=60, width=671, height=1018"}
{"level":30,"time":"2025-04-24T01:25:10.713Z","msg":"visibleOnAnyScreen(display #66): x=0, y=0, width=1920, height=1080"}
{"level":30,"time":"2025-04-24T01:25:10.713Z","msg":"Initializing BrowserWindow config: {\"show\":false,\"width\":671,\"height\":1018,\"minWidth\":300,\"minHeight\":200,\"autoHideMenuBar\":false,\"titleBarStyle\":\"default\",\"backgroundColor\":\"#121212\",\"webPreferences\":{\"devTools\":false,\"spellcheck\":true,\"enableBlinkFeatures\":\"CSSPseudoDir,CSSLogical\",\"enablePreferredSizeMode\":true,\"nodeIntegration\":false,\"nodeIntegrationInWorker\":false,\"sandbox\":false,\"contextIsolation\":true,\"preload\":\"[REDACTED]/preload.wrapper.js\",\"backgroundThrottling\":true,\"disableBlinkFeatures\":\"Accelerated2dCanvas,AcceleratedSmallCanvases\"},\"icon\":\"[REDACTED]/images/signal-logo-desktop-linux.png\",\"x\":2,\"y\":60}"}
{"level":30,"time":"2025-04-24T01:25:10.771Z","msg":"spellcheck: user locales: [\"en-US\",\"en\"]"}
{"level":30,"time":"2025-04-24T01:25:10.771Z","msg":"spellcheck: available spellchecker languages: [\"af\",\"bg\",\"ca\",\"cs\",\"cy\",\"da\",\"de\",\"de-DE\",\"el\",\"en\",\"en-AU\",\"en-CA\",\"en-GB\",\"en-GB-oxendict\",\"en-US\",\"es\",\"es-419\",\"es-AR\",\"es-ES\",\"es-MX\",\"es-US\",\"et\",\"fa\",\"fo\",\"fr\",\"fr-FR\",\"he\",\"hi\",\"hr\",\"hu\",\"hy\",\"id\",\"it\",\"it-IT\",\"ko\",\"lt\",\"lv\",\"nb\",\"nl\",\"pl\",\"pt\",\"pt-BR\",\"pt-PT\",\"ro\",\"ru\",\"sh\",\"sk\",\"sl\",\"sq\",\"sr\",\"sv\",\"ta\",\"tg\",\"tr\",\"uk\",\"vi\"]"}
{"level":30,"time":"2025-04-24T01:25:10.771Z","msg":"spellcheck: setting languages to: [\"en-US\",\"en\"]"}
{"level":40,"time":"2025-04-24T01:25:10.903Z","msg":"MainSQL: Database log code=283: recovered 714 frames from WAL file [REDACTED]/sql/db.sqlite-wal"}
{"level":30,"time":"2025-04-24T01:25:10.905Z","msg":"MainSQL: updateSchema:\n  Current user_version: 1320;\n  Most recent db schema: 1320;\n  SQLite version: 3.46.1;\n  SQLCipher version: 4.6.1 community;\n  (deprecated) schema_version: 539;\n"}
{"level":30,"time":"2025-04-24T01:25:11.223Z","msg":"got fast theme-setting value system"}
{"level":30,"time":"2025-04-24T01:25:11.282Z","msg":"Updating BrowserWindow config: %s {\"maximized\":true,\"autoHideMenuBar\":false,\"fullscreen\":false,\"width\":1916,\"height\":1018,\"x\":2,\"y\":60}"}
{"level":30,"time":"2025-04-24T01:25:11.283Z","msg":"config/set: Saving ephemeral config to disk"}
{"level":30,"time":"2025-04-24T01:25:11.286Z","msg":"config/set: Saved ephemeral config to disk"}
{"level":30,"time":"2025-04-24T01:25:11.684Z","msg":"got fast spellcheck setting true"}
{"level":30,"time":"2025-04-24T01:25:11.687Z","msg":"System tray service: created"}
{"level":30,"time":"2025-04-24T01:25:11.688Z","msg":"System tray service: updating main window. Previously, there was not a window, and now there is"}
{"level":30,"time":"2025-04-24T01:25:11.688Z","msg":"System tray service: rendering no tray"}
{"level":30,"time":"2025-04-24T01:25:11.688Z","msg":"Begin ensuring permissions"}
{"level":30,"time":"2025-04-24T01:25:11.690Z","msg":"Ensuring file permissions for 4 files"}
{"level":30,"time":"2025-04-24T01:25:11.691Z","msg":"Finish ensuring permissions in 3ms"}
{"level":30,"time":"2025-04-24T01:25:11.694Z","msg":"main window is ready-to-show"}
{"level":30,"time":"2025-04-24T01:25:11.694Z","msg":"showing main window"}
{"level":30,"time":"2025-04-24T01:25:11.695Z","msg":"System tray service: rendering no tray"}
{"level":30,"time":"2025-04-24T01:25:11.833Z","msg":"Prevent display sleep service: allowing display sleep"}
{"level":30,"time":"2025-04-24T01:25:11.833Z","msg":"Background throttling enabled because no call is active"}
{"level":30,"time":"2025-04-24T01:25:11.851Z","msg":"close event {\"readyForShutdown\":false,\"shouldQuit\":false}"}
{"level":30,"time":"2025-04-24T01:25:11.851Z","msg":"maybeRequestCloseConfirmation: Checking to see if close confirmation is needed"}
{"level":30,"time":"2025-04-24T01:25:11.852Z","msg":"maybeRequestCloseConfirmation: Response received"}
{"level":30,"time":"2025-04-24T01:25:11.852Z","msg":"System tray service: rendering no tray"}
{"level":30,"time":"2025-04-24T01:25:11.853Z","msg":"requestShutdown: Requesting close of mainWindow..."}
{"level":30,"time":"2025-04-24T01:25:11.859Z","msg":"requestShutdown: Response received"}
{"level":30,"time":"2025-04-24T01:25:11.873Z","msg":"before-quit event {\"readyForShutdown\":true,\"shouldQuit\":false,\"hasEventBeenPrevented\":false,\"windowCount\":1,\"mainWindowExists\":true,\"mainWindowIsFullScreen\":false}"}
{"level":30,"time":"2025-04-24T01:25:11.873Z","msg":"System tray service: markShouldQuit"}
{"level":30,"time":"2025-04-24T01:25:11.873Z","msg":"close event {\"readyForShutdown\":true,\"shouldQuit\":true}"}
{"level":30,"time":"2025-04-24T01:25:11.875Z","msg":"main window closed event"}
{"level":30,"time":"2025-04-24T01:25:11.875Z","msg":"System tray service: updating main window. Previously, there was a window, and now there is not"}
{"level":30,"time":"2025-04-24T01:25:11.875Z","msg":"System tray service: rendering no tray"}
{"level":30,"time":"2025-04-24T01:25:11.875Z","msg":"will-quit event {\"hasEventBeenPrevented\":false,\"windowCount\":0,\"mainWindowExists\":false}"}
{"level":30,"time":"2025-04-24T01:25:11.876Z","msg":"quit event {\"hasEventBeenPrevented\":false,\"windowCount\":0,\"mainWindowExists\":false}"}
