2025-04-16 05:09:16.563 [info] Extension host with pid 2167 started
2025-04-16 05:09:16.563 [info] Skipping acquiring lock for /home/daci/.config/Code - OSS/User/workspaceStorage/9a01e157c08ba1988f4a116b0abe03b0.
2025-04-16 05:09:16.818 [info] ExtensionService#_doActivateExtension vscode.emmet, startup: false, activationEvent: 'onLanguage'
2025-04-16 05:09:16.863 [info] ExtensionService#_doActivateExtension vscode.css-language-features, startup: false, activationEvent: 'onLanguage:css'
2025-04-16 05:09:17.348 [info] ExtensionService#_doActivateExtension vscode.git-base, startup: true, activationEvent: '*', root cause: vscode.git
2025-04-16 05:09:17.359 [info] ExtensionService#_doActivateExtension vscode.git, startup: true, activationEvent: '*'
2025-04-16 05:09:17.446 [info] ExtensionService#_doActivateExtension vscode.github, startup: true, activationEvent: '*'
2025-04-16 05:09:17.529 [info] Eager extensions activated
2025-04-16 05:09:17.550 [info] ExtensionService#_doActivateExtension vscode.debug-auto-launch, startup: false, activationEvent: 'onStartupFinished'
2025-04-16 05:09:17.554 [info] ExtensionService#_doActivateExtension vscode.merge-conflict, startup: false, activationEvent: 'onStartupFinished'
2025-04-16 05:09:17.576 [info] ExtensionService#_doActivateExtension ritwickdey.LiveServer, startup: false, activationEvent: 'onStartupFinished'
2025-04-16 05:09:17.582 [info] ExtensionService#_doActivateExtension vscodevim.vim, startup: false, activationEvent: 'onStartupFinished'
2025-04-16 05:09:19.481 [info] ExtensionService#_doActivateExtension vscode.html-language-features, startup: false, activationEvent: 'onLanguage:html'
2025-04-16 05:13:00.450 [info] ExtensionService#_doActivateExtension vscode.debug-server-ready, startup: false, activationEvent: 'onDebugResolve'
2025-04-16 05:24:24.917 [warning] TextEditor is closed/disposed
2025-04-16 05:24:24.917 [warning] TextEditor is closed/disposed
2025-04-16 05:24:24.934 [warning] ExtHostTextEditorOptions 'setCursorStyle' failed:'
2025-04-16 05:24:24.935 [warning] Illegal argument: TextEditor(vs.editor.ICodeEditor:2,$model2)
2025-04-16 05:44:57.835 [info] ExtensionService#_doActivateExtension vscode.configuration-editing, startup: false, activationEvent: 'onLanguage:jsonc'
2025-04-16 05:44:57.854 [info] ExtensionService#_doActivateExtension vscode.json-language-features, startup: false, activationEvent: 'onLanguage:jsonc'
2025-04-16 05:44:57.939 [info] ExtensionService#_doActivateExtension vscode.typescript-language-features, startup: false, activationEvent: 'onLanguage:jsonc'
