2025-04-16 05:09:17.762 [info] [main] Log level: Info
2025-04-16 05:09:17.762 [info] [main] Validating found git in: "git"
2025-04-16 05:09:17.762 [info] [main] Using git "2.49.0" from "git"
2025-04-16 05:09:17.762 [info] [Model][doInitialScan] Initial repository scan started
2025-04-16 05:09:17.762 [info] > git rev-parse --show-toplevel [6ms]
2025-04-16 05:09:17.762 [info] fatal: not a git repository (or any of the parent directories): .git
2025-04-16 05:09:17.762 [info] > git rev-parse --show-toplevel [23ms]
2025-04-16 05:09:17.762 [info] fatal: not a git repository (or any of the parent directories): .git
2025-04-16 05:09:17.762 [info] [Model][doInitialScan] Initial repository scan completed - repositories (0), closed repositories (0), parent repositories (0), unsafe repositories (0)
2025-04-16 05:09:18.031 [info] > git rev-parse --show-toplevel [3ms]
2025-04-16 05:09:18.031 [info] fatal: not a git repository (or any of the parent directories): .git
2025-04-16 05:09:19.459 [info] > git rev-parse --show-toplevel [2ms]
2025-04-16 05:09:19.459 [info] fatal: not a git repository (or any of the parent directories): .git
2025-04-16 05:09:20.164 [info] > git rev-parse --show-toplevel [2ms]
2025-04-16 05:09:20.164 [info] fatal: not a git repository (or any of the parent directories): .git
2025-04-16 05:11:18.096 [info] > git rev-parse --show-toplevel [2ms]
2025-04-16 05:11:18.096 [info] fatal: not a git repository (or any of the parent directories): .git
2025-04-16 05:11:27.136 [info] > git rev-parse --show-toplevel [2ms]
2025-04-16 05:11:27.136 [info] fatal: not a git repository (or any of the parent directories): .git
2025-04-16 05:11:33.068 [info] > git rev-parse --show-toplevel [1ms]
2025-04-16 05:11:33.068 [info] fatal: not a git repository (or any of the parent directories): .git
2025-04-16 05:11:50.260 [info] > git rev-parse --show-toplevel [4ms]
2025-04-16 05:11:50.261 [info] fatal: not a git repository (or any of the parent directories): .git
2025-04-16 05:11:50.406 [info] > git rev-parse --show-toplevel [2ms]
2025-04-16 05:11:50.406 [info] fatal: not a git repository (or any of the parent directories): .git
2025-04-16 05:11:52.707 [info] > git rev-parse --show-toplevel [2ms]
2025-04-16 05:11:52.707 [info] fatal: not a git repository (or any of the parent directories): .git
2025-04-16 05:11:53.777 [info] > git rev-parse --show-toplevel [4ms]
2025-04-16 05:11:53.777 [info] fatal: not a git repository (or any of the parent directories): .git
2025-04-16 05:11:55.226 [info] > git rev-parse --show-toplevel [4ms]
2025-04-16 05:11:55.226 [info] fatal: not a git repository (or any of the parent directories): .git
2025-04-16 05:11:56.063 [info] > git rev-parse --show-toplevel [2ms]
2025-04-16 05:11:56.063 [info] fatal: not a git repository (or any of the parent directories): .git
2025-04-16 05:13:01.030 [info] > git rev-parse --show-toplevel [2ms]
2025-04-16 05:13:01.030 [info] fatal: not a git repository (or any of the parent directories): .git
2025-04-16 05:13:35.116 [info] > git rev-parse --show-toplevel [1ms]
2025-04-16 05:13:35.116 [info] fatal: not a git repository (or any of the parent directories): .git
2025-04-16 05:16:53.671 [info] > git rev-parse --show-toplevel [1ms]
2025-04-16 05:16:53.671 [info] fatal: not a git repository (or any of the parent directories): .git
2025-04-16 05:24:14.208 [info] > git rev-parse --show-toplevel [1ms]
2025-04-16 05:24:14.208 [info] fatal: not a git repository (or any of the parent directories): .git
2025-04-16 05:24:16.443 [info] > git rev-parse --show-toplevel [2ms]
2025-04-16 05:24:16.443 [info] fatal: not a git repository (or any of the parent directories): .git
2025-04-16 05:24:17.940 [info] > git rev-parse --show-toplevel [2ms]
2025-04-16 05:24:17.940 [info] fatal: not a git repository (or any of the parent directories): .git
2025-04-16 05:24:17.947 [info] > git rev-parse --show-toplevel [1ms]
2025-04-16 05:24:17.947 [info] fatal: not a git repository (or any of the parent directories): .git
2025-04-16 05:24:24.906 [info] > git rev-parse --show-toplevel [1ms]
2025-04-16 05:24:24.906 [info] fatal: not a git repository (or any of the parent directories): .git
2025-04-16 05:24:24.916 [info] > git rev-parse --show-toplevel [1ms]
2025-04-16 05:24:24.916 [info] fatal: not a git repository (or any of the parent directories): .git
2025-04-16 05:24:24.924 [info] > git rev-parse --show-toplevel [2ms]
2025-04-16 05:24:24.924 [info] fatal: not a git repository (or any of the parent directories): .git
2025-04-16 05:38:07.693 [info] > git rev-parse --show-toplevel [1ms]
2025-04-16 05:38:07.693 [info] fatal: not a git repository (or any of the parent directories): .git
2025-04-16 05:38:07.705 [info] > git rev-parse --show-toplevel [1ms]
2025-04-16 05:38:07.705 [info] fatal: not a git repository (or any of the parent directories): .git
2025-04-16 05:38:07.710 [info] > git rev-parse --show-toplevel [1ms]
2025-04-16 05:38:07.710 [info] fatal: not a git repository (or any of the parent directories): .git
2025-04-16 05:38:13.203 [info] > git rev-parse --show-toplevel [1ms]
2025-04-16 05:38:13.203 [info] fatal: not a git repository (or any of the parent directories): .git
2025-04-16 05:38:15.392 [info] > git rev-parse --show-toplevel [4ms]
2025-04-16 05:38:15.392 [info] fatal: not a git repository (or any of the parent directories): .git
2025-04-16 05:38:16.963 [info] > git rev-parse --show-toplevel [1ms]
2025-04-16 05:38:16.963 [info] fatal: not a git repository (or any of the parent directories): .git
2025-04-16 05:38:29.788 [info] > git rev-parse --show-toplevel [2ms]
2025-04-16 05:38:29.788 [info] fatal: not a git repository (or any of the parent directories): .git
2025-04-16 05:43:08.775 [info] > git rev-parse --show-toplevel [2ms]
2025-04-16 05:43:08.775 [info] fatal: not a git repository (or any of the parent directories): .git
2025-04-16 05:44:58.043 [info] > git rev-parse --show-toplevel [3ms]
2025-04-16 05:44:58.043 [info] fatal: not a git repository (or any of the parent directories): .git
2025-04-16 05:44:59.472 [info] > git rev-parse --show-toplevel [2ms]
2025-04-16 05:44:59.472 [info] fatal: not a git repository (or any of the parent directories): .git
2025-04-16 05:45:47.770 [info] > git rev-parse --show-toplevel [1ms]
2025-04-16 05:45:47.770 [info] fatal: not a git repository (or any of the parent directories): .git
