2025-04-18 14:41:12.450 [info] [main] Log level: Info
2025-04-18 14:41:12.450 [info] [main] Validating found git in: "git"
2025-04-18 14:41:12.450 [info] [main] Using git "2.49.0" from "git"
2025-04-18 14:41:12.450 [info] [Model][doInitialScan] Initial repository scan started
2025-04-18 14:41:12.450 [info] > git rev-parse --show-toplevel [2ms]
2025-04-18 14:41:12.450 [info] fatal: not a git repository (or any of the parent directories): .git
2025-04-18 14:41:12.450 [info] > git rev-parse --show-toplevel [2ms]
2025-04-18 14:41:12.450 [info] fatal: not a git repository (or any of the parent directories): .git
2025-04-18 14:41:12.453 [info] > git rev-parse --show-toplevel [76ms]
2025-04-18 14:41:12.453 [info] fatal: not a git repository (or any of the parent directories): .git
2025-04-18 14:41:12.467 [info] > git rev-parse --show-toplevel [2ms]
2025-04-18 14:41:12.467 [info] fatal: not a git repository (or any of the parent directories): .git
2025-04-18 14:41:12.467 [info] [Model][doInitialScan] Initial repository scan completed - repositories (0), closed repositories (0), parent repositories (0), unsafe repositories (0)
2025-04-18 14:41:13.876 [info] > git rev-parse --show-toplevel [0ms]
2025-04-18 14:41:13.876 [info] fatal: not a git repository (or any of the parent directories): .git
2025-04-18 18:38:25.198 [info] > git rev-parse --show-toplevel [2ms]
2025-04-18 18:38:25.198 [info] fatal: not a git repository (or any of the parent directories): .git
2025-04-18 18:38:26.152 [info] > git rev-parse --show-toplevel [2ms]
2025-04-18 18:38:26.152 [info] fatal: not a git repository (or any of the parent directories): .git
2025-04-18 18:38:26.160 [info] > git rev-parse --show-toplevel [2ms]
2025-04-18 18:38:26.160 [info] fatal: not a git repository (or any of the parent directories): .git
