2025-04-16 07:48:24.768 [info] Configuration changed
2025-04-16 07:49:53.514 [info] Executing :w
2025-04-16 07:50:07.587 [info] Executing :w
2025-04-16 07:50:17.426 [info] Executing :w
2025-04-16 07:51:50.464 [info] Executing :
2025-04-16 07:51:51.905 [info] Executing :w
2025-04-16 07:52:04.581 [info] Executing :w
2025-04-16 07:52:11.693 [info] Executing :w
2025-04-16 07:52:29.307 [info] Executing :w
2025-04-16 07:52:30.651 [info] Executing :w
2025-04-16 07:53:23.625 [info] Executing :w
2025-04-16 07:53:53.182 [info] Executing :w
2025-04-16 07:54:05.005 [info] Executing :w
2025-04-16 07:54:11.187 [info] Executing :W
2025-04-16 07:54:13.142 [info] Executing :w
2025-04-16 07:54:21.300 [info] Executing :w
2025-04-16 07:54:25.237 [info] Active editor: file:///home/daci/site/index.html
2025-04-16 07:54:34.199 [info] Executing :w
2025-04-16 07:55:45.872 [info] Executing :w
2025-04-16 07:55:51.309 [info] Active editor: file:///home/daci/site/style.css
2025-04-16 07:55:55.366 [info] Executing :w
2025-04-16 07:56:30.623 [info] Executing :w
2025-04-16 07:56:57.353 [info] Executing :w
2025-04-16 07:57:08.012 [info] Executing :w
2025-04-16 07:57:20.115 [info] Executing :w
2025-04-16 07:57:43.364 [info] Executing :w
2025-04-16 07:58:12.817 [info] Executing :w
2025-04-16 07:58:19.504 [info] Executing :w
2025-04-16 07:58:33.745 [info] Executing :w
2025-04-16 07:58:36.321 [info] Executing :w
2025-04-16 07:58:43.225 [info] Executing :w
2025-04-16 07:58:57.747 [info] Executing :w
2025-04-16 07:59:05.545 [info] Executing :W
2025-04-16 07:59:06.623 [info] Executing :w
2025-04-16 07:59:16.464 [info] Executing :w
2025-04-16 07:59:39.203 [info] Executing :w
2025-04-16 08:00:11.370 [info] Executing :w
2025-04-16 08:00:28.935 [info] Executing :w
2025-04-16 08:01:00.180 [info] Executing :w
2025-04-16 08:01:09.123 [info] Executing :w
2025-04-16 08:01:17.918 [info] Executing :w
2025-04-16 08:01:39.951 [info] Executing :w
2025-04-16 08:01:51.150 [info] Executing :w
2025-04-16 08:03:03.682 [info] Executing :w
2025-04-16 08:03:31.524 [info] Executing :w
2025-04-16 08:04:10.706 [info] Executing :w
2025-04-16 08:08:59.833 [info] Executing :w
2025-04-16 08:09:35.417 [info] Executing :w
2025-04-16 08:10:04.533 [info] Executing :w
2025-04-16 08:10:27.954 [info] Executing :w
2025-04-16 08:12:01.765 [info] Active editor: file:///home/daci/site/style.css
2025-04-16 08:12:02.569 [info] Active editor: file:///home/daci/site/index.html
2025-04-16 08:12:38.726 [info] Executing :w
2025-04-16 08:13:13.566 [info] Active editor: file:///home/daci/site/style.css
2025-04-16 08:13:17.632 [info] Executing :w
2025-04-16 08:14:42.712 [info] Executing :w
2025-04-16 08:15:17.449 [info] Executing :w
2025-04-16 08:15:25.488 [info] Executing :W
2025-04-16 08:15:26.651 [info] Executing :w
2025-04-16 08:15:50.997 [info] Executing :w
2025-04-16 08:15:59.655 [info] Executing :w
2025-04-16 08:16:11.933 [info] Executing :w
2025-04-16 08:16:32.080 [info] Executing :w
2025-04-16 08:16:33.621 [info] Executing :w
2025-04-16 08:17:31.969 [info] Executing :w
2025-04-16 08:18:12.830 [info] Active editor: file:///home/daci/site/index.html
2025-04-16 08:18:23.609 [info] Executing :w
2025-04-16 08:18:27.535 [info] Active editor: file:///home/daci/site/style.css
2025-04-16 08:18:29.632 [info] Searching for sans/
2025-04-16 08:18:41.751 [info] Executing :w
2025-04-16 08:19:15.405 [info] Executing :w
2025-04-16 08:20:10.983 [info] Executing :w
2025-04-16 08:22:44.973 [info] Active editor: file:///home/daci/site/index.html
2025-04-16 08:22:58.155 [info] Executing :w
2025-04-16 08:23:47.592 [info] Active editor: file:///home/daci/site/style.css
2025-04-16 08:23:55.889 [info] Executing :w
2025-04-16 08:24:03.870 [info] Active editor: file:///home/daci/site/index.html
2025-04-16 08:24:08.649 [info] Executing :w
