2025-04-14 05:59:57.878 [info] [main] Log level: Info
2025-04-14 05:59:57.878 [info] [main] Validating found git in: "git"
2025-04-14 05:59:57.878 [info] [main] Using git "2.49.0" from "git"
2025-04-14 05:59:57.878 [info] [Model][doInitialScan] Initial repository scan started
2025-04-14 05:59:57.878 [info] > git rev-parse --show-toplevel [11ms]
2025-04-14 05:59:57.878 [info] fatal: not a git repository (or any of the parent directories): .git
2025-04-14 05:59:57.878 [info] > git rev-parse --show-toplevel [3ms]
2025-04-14 05:59:57.878 [info] fatal: not a git repository (or any of the parent directories): .git
2025-04-14 05:59:57.886 [info] > git rev-parse --show-toplevel [2ms]
2025-04-14 05:59:57.886 [info] fatal: not a git repository (or any of the parent directories): .git
2025-04-14 05:59:57.887 [info] [Model][doInitialScan] Initial repository scan completed - repositories (0), closed repositories (0), parent repositories (0), unsafe repositories (0)
2025-04-14 05:59:58.278 [info] > git rev-parse --show-toplevel [1ms]
2025-04-14 05:59:58.279 [info] fatal: not a git repository (or any of the parent directories): .git
2025-04-14 06:00:21.387 [info] [main] Log level: Info
2025-04-14 06:00:21.387 [info] [main] Validating found git in: "git"
2025-04-14 06:00:21.387 [info] [main] Using git "2.49.0" from "git"
2025-04-14 06:00:21.387 [info] [Model][doInitialScan] Initial repository scan started
2025-04-14 06:00:21.387 [info] > git rev-parse --show-toplevel [119ms]
2025-04-14 06:00:21.387 [info] fatal: not a git repository (or any of the parent directories): .git
2025-04-14 06:00:21.387 [info] [Model][doInitialScan] Initial repository scan completed - repositories (0), closed repositories (0), parent repositories (0), unsafe repositories (0)
2025-04-14 06:00:22.698 [info] > git rev-parse --show-toplevel [14ms]
2025-04-14 06:00:22.698 [info] fatal: not a git repository (or any of the parent directories): .git
2025-04-14 06:00:42.097 [info] > git rev-parse --show-toplevel [3ms]
2025-04-14 06:00:42.097 [info] fatal: not a git repository (or any of the parent directories): .git
2025-04-14 06:01:21.733 [info] > git rev-parse --show-toplevel [2ms]
2025-04-14 06:01:21.733 [info] fatal: not a git repository (or any of the parent directories): .git
2025-04-14 06:01:23.341 [info] > git rev-parse --show-toplevel [2ms]
2025-04-14 06:01:23.341 [info] fatal: not a git repository (or any of the parent directories): .git
2025-04-14 06:01:23.349 [info] > git rev-parse --show-toplevel [1ms]
2025-04-14 06:01:23.349 [info] fatal: not a git repository (or any of the parent directories): .git
2025-04-14 06:01:32.770 [info] > git rev-parse --show-toplevel [1ms]
2025-04-14 06:01:32.770 [info] fatal: not a git repository (or any of the parent directories): .git
2025-04-14 06:01:34.259 [info] > git rev-parse --show-toplevel [1ms]
2025-04-14 06:01:34.260 [info] fatal: not a git repository (or any of the parent directories): .git
2025-04-14 06:02:00.491 [info] > git rev-parse --show-toplevel [8ms]
2025-04-14 06:02:00.491 [info] fatal: not a git repository (or any of the parent directories): .git
2025-04-14 06:05:21.862 [info] > git rev-parse --show-toplevel [3ms]
2025-04-14 06:05:21.862 [info] fatal: not a git repository (or any of the parent directories): .git
2025-04-14 06:05:55.440 [info] > git rev-parse --show-toplevel [2ms]
2025-04-14 06:05:55.440 [info] fatal: not a git repository (or any of the parent directories): .git
2025-04-14 06:05:59.416 [info] > git rev-parse --show-toplevel [2ms]
2025-04-14 06:05:59.416 [info] fatal: not a git repository (or any of the parent directories): .git
2025-04-14 06:06:01.727 [info] > git rev-parse --show-toplevel [2ms]
2025-04-14 06:06:01.727 [info] fatal: not a git repository (or any of the parent directories): .git
2025-04-14 06:06:25.765 [info] > git rev-parse --show-toplevel [3ms]
2025-04-14 06:06:25.765 [info] fatal: not a git repository (or any of the parent directories): .git
2025-04-14 06:06:29.924 [info] > git rev-parse --show-toplevel [1ms]
2025-04-14 06:06:29.924 [info] fatal: not a git repository (or any of the parent directories): .git
2025-04-14 06:06:30.602 [info] > git rev-parse --show-toplevel [2ms]
2025-04-14 06:06:30.602 [info] fatal: not a git repository (or any of the parent directories): .git
2025-04-14 06:07:46.848 [info] > git rev-parse --show-toplevel [2ms]
2025-04-14 06:07:46.848 [info] fatal: not a git repository (or any of the parent directories): .git
2025-04-14 06:07:48.911 [info] > git rev-parse --show-toplevel [2ms]
2025-04-14 06:07:48.911 [info] fatal: not a git repository (or any of the parent directories): .git
2025-04-14 06:07:49.984 [info] > git rev-parse --show-toplevel [2ms]
2025-04-14 06:07:49.984 [info] fatal: not a git repository (or any of the parent directories): .git
2025-04-14 06:07:51.281 [info] > git rev-parse --show-toplevel [2ms]
2025-04-14 06:07:51.281 [info] fatal: not a git repository (or any of the parent directories): .git
2025-04-14 06:07:54.341 [info] > git rev-parse --show-toplevel [3ms]
2025-04-14 06:07:54.341 [info] fatal: not a git repository (or any of the parent directories): .git
2025-04-14 06:07:55.760 [info] > git rev-parse --show-toplevel [2ms]
2025-04-14 06:07:55.760 [info] fatal: not a git repository (or any of the parent directories): .git
2025-04-14 06:07:56.505 [info] > git rev-parse --show-toplevel [2ms]
2025-04-14 06:07:56.505 [info] fatal: not a git repository (or any of the parent directories): .git
2025-04-14 06:07:58.369 [info] > git rev-parse --show-toplevel [1ms]
2025-04-14 06:07:58.369 [info] fatal: not a git repository (or any of the parent directories): .git
2025-04-14 06:07:59.122 [info] > git rev-parse --show-toplevel [1ms]
2025-04-14 06:07:59.122 [info] fatal: not a git repository (or any of the parent directories): .git
2025-04-14 06:08:30.304 [info] > git rev-parse --show-toplevel [3ms]
2025-04-14 06:08:30.304 [info] fatal: not a git repository (or any of the parent directories): .git
2025-04-14 06:09:55.010 [info] > git rev-parse --show-toplevel [2ms]
2025-04-14 06:09:55.010 [info] fatal: not a git repository (or any of the parent directories): .git
2025-04-14 06:09:59.479 [info] > git rev-parse --show-toplevel [3ms]
2025-04-14 06:09:59.479 [info] fatal: not a git repository (or any of the parent directories): .git
2025-04-14 06:10:00.903 [info] > git rev-parse --show-toplevel [2ms]
2025-04-14 06:10:00.903 [info] fatal: not a git repository (or any of the parent directories): .git
2025-04-14 06:10:03.070 [info] > git rev-parse --show-toplevel [1ms]
2025-04-14 06:10:03.070 [info] fatal: not a git repository (or any of the parent directories): .git
