2025-04-14 05:59:58.271 [info] Configuration changed
2025-04-14 06:00:22.675 [info] Configuration changed
2025-04-14 06:00:42.074 [info] Active editor: file:///home/daci/site/index.html
2025-04-14 06:01:08.770 [info] Executing :w
2025-04-14 06:01:19.461 [info] Executing :edit style.css
2025-04-14 06:01:19.591 [info] Active editor: untitled:/home/daci/site/style.css
2025-04-14 06:01:19.608 [warning] getLineLength() called with out-of-bounds line 3
2025-04-14 06:01:19.608 [warning] invalid cursor position. [[3, 25] | [3, 25]].
2025-04-14 06:01:21.659 [info] Executing :w
2025-04-14 06:01:21.704 [info] /home/daci/site/style.css closed
2025-04-14 06:01:21.725 [info] Active editor: file:///home/daci/site/style.css
2025-04-14 06:01:23.339 [info] Active editor: file:///home/daci/site/style.css
2025-04-14 06:01:25.753 [info] Active editor: file:///home/daci/site/style.css
2025-04-14 06:01:26.392 [info] Active editor: file:///home/daci/site/style.css
2025-04-14 06:01:26.952 [info] Active editor: file:///home/daci/site/style.css
2025-04-14 06:01:28.081 [info] Active editor: file:///home/daci/site/style.css
2025-04-14 06:01:28.479 [info] Active editor: file:///home/daci/site/style.css
2025-04-14 06:01:29.500 [info] Active editor: file:///home/daci/site/style.css
2025-04-14 06:01:32.755 [info] Active editor: file:///home/daci/site/style.css
2025-04-14 06:01:34.253 [info] Active editor: file:///home/daci/site/index.html
2025-04-14 06:02:00.445 [info] /home/daci/.config/Code - OSS/User/settings.json closed
2025-04-14 06:02:00.459 [info] Configuration changed
2025-04-14 06:04:21.068 [info] Executing :w
2025-04-14 06:05:19.136 [info] Executing :w
2025-04-14 06:05:21.853 [info] Active editor: file:///home/daci/site/style.css
2025-04-14 06:05:41.168 [info] Executing :w
2025-04-14 06:05:53.592 [info] Executing :w
2025-04-14 06:05:55.431 [info] Active editor: file:///home/daci/site/index.html
2025-04-14 06:05:59.407 [info] Active editor: file:///home/daci/site/style.css
2025-04-14 06:06:01.719 [info] Active editor: file:///home/daci/site/index.html
2025-04-14 06:06:21.192 [info] Executing :w
2025-04-14 06:06:25.756 [info] Active editor: file:///home/daci/site/style.css
2025-04-14 06:06:29.915 [info] Active editor: file:///home/daci/site/index.html
2025-04-14 06:06:30.593 [info] Active editor: file:///home/daci/site/style.css
2025-04-14 06:07:24.794 [info] Executing :w
2025-04-14 06:07:46.838 [info] Active editor: file:///home/daci/site/index.html
2025-04-14 06:07:48.901 [info] Active editor: file:///home/daci/site/style.css
2025-04-14 06:07:49.975 [info] Active editor: file:///home/daci/site/index.html
2025-04-14 06:07:51.273 [info] Active editor: file:///home/daci/site/style.css
2025-04-14 06:07:54.328 [info] Active editor: file:///home/daci/site/index.html
2025-04-14 06:07:55.752 [info] Active editor: file:///home/daci/site/style.css
2025-04-14 06:07:56.495 [info] Active editor: file:///home/daci/site/index.html
2025-04-14 06:07:58.359 [info] Active editor: file:///home/daci/site/style.css
2025-04-14 06:07:59.114 [info] Active editor: file:///home/daci/site/index.html
2025-04-14 06:08:22.841 [info] Executing :w
2025-04-14 06:08:30.295 [info] Active editor: file:///home/daci/site/style.css
2025-04-14 06:08:35.032 [info] Executing :w
2025-04-14 06:08:52.798 [info] Executing :w
2025-04-14 06:09:04.407 [info] Executing :w
2025-04-14 06:09:26.976 [info] Executing :w
2025-04-14 06:09:55.001 [info] Active editor: file:///home/daci/site/index.html
2025-04-14 06:09:59.469 [info] Active editor: file:///home/daci/site/style.css
2025-04-14 06:10:00.893 [info] Active editor: file:///home/daci/site/index.html
2025-04-14 06:10:03.060 [info] Active editor: file:///home/daci/site/style.css
2025-04-14 06:10:49.977 [info] Executing :w
2025-04-14 06:12:07.338 [info] Executing :w
2025-04-14 06:12:26.055 [info] Executing :w
2025-04-14 06:13:20.751 [info] Executing :w
2025-04-14 06:16:44.537 [info] Executing :w
2025-04-14 06:17:49.055 [info] Executing :w
2025-04-14 06:18:23.522 [info] Executing :w
2025-04-14 06:18:36.808 [info] Executing :w
2025-04-14 06:18:46.132 [info] Executing :w
2025-04-14 06:18:53.478 [info] Executing :w
2025-04-14 06:18:55.706 [info] Executing :w
