2025-04-15 07:43:48.027 [info] [main] Log level: Info
2025-04-15 07:43:48.027 [info] [main] Validating found git in: "git"
2025-04-15 07:43:48.027 [info] [main] Using git "2.49.0" from "git"
2025-04-15 07:43:48.027 [info] [Model][doInitialScan] Initial repository scan started
2025-04-15 07:43:48.027 [info] > git rev-parse --show-toplevel [2ms]
2025-04-15 07:43:48.027 [info] fatal: not a git repository (or any of the parent directories): .git
2025-04-15 07:43:48.027 [info] > git rev-parse --show-toplevel [79ms]
2025-04-15 07:43:48.027 [info] fatal: not a git repository (or any of the parent directories): .git
2025-04-15 07:43:48.027 [info] [Model][doInitialScan] Initial repository scan completed - repositories (0), closed repositories (0), parent repositories (0), unsafe repositories (0)
2025-04-15 07:43:49.509 [info] > git rev-parse --show-toplevel [1ms]
2025-04-15 07:43:49.509 [info] fatal: not a git repository (or any of the parent directories): .git
2025-04-15 07:45:10.134 [info] > git rev-parse --show-toplevel [2ms]
2025-04-15 07:45:10.135 [info] fatal: not a git repository (or any of the parent directories): .git
2025-04-15 07:48:16.090 [info] > git rev-parse --show-toplevel [1ms]
2025-04-15 07:48:16.091 [info] fatal: not a git repository (or any of the parent directories): .git
2025-04-15 08:02:45.564 [info] > git rev-parse --show-toplevel [1ms]
2025-04-15 08:02:45.564 [info] fatal: not a git repository (or any of the parent directories): .git
2025-04-15 08:04:11.671 [info] > git rev-parse --show-toplevel [2ms]
2025-04-15 08:04:11.671 [info] fatal: not a git repository (or any of the parent directories): .git
2025-04-15 08:04:13.737 [info] > git rev-parse --show-toplevel [1ms]
2025-04-15 08:04:13.737 [info] fatal: not a git repository (or any of the parent directories): .git
2025-04-15 08:04:23.766 [info] > git rev-parse --show-toplevel [1ms]
2025-04-15 08:04:23.766 [info] fatal: not a git repository (or any of the parent directories): .git
2025-04-15 08:04:37.802 [info] > git rev-parse --show-toplevel [1ms]
2025-04-15 08:04:37.802 [info] fatal: not a git repository (or any of the parent directories): .git
