2025-04-16 05:09:18.021 [info] Configuration changed
2025-04-16 05:09:19.453 [info] Active editor: file:///home/daci/site/index.html
2025-04-16 05:09:20.157 [info] Active editor: file:///home/daci/site/style.css
2025-04-16 05:11:18.086 [info] Active editor: file:///home/daci/site/index.html
2025-04-16 05:13:59.898 [info] Executing :w
2025-04-16 05:14:13.990 [info] Executing :w
2025-04-16 05:14:22.170 [info] Executing :w
2025-04-16 05:14:28.341 [info] Executing :w
2025-04-16 05:15:40.324 [info] Executing :w
2025-04-16 05:15:54.349 [info] Executing :w
2025-04-16 05:16:04.719 [info] Executing :w
2025-04-16 05:16:16.190 [info] Executing :w
2025-04-16 05:16:49.737 [info] Executing :
2025-04-16 05:16:53.665 [info] Active editor: file:///home/daci/site/index.html
2025-04-16 05:21:39.525 [info] Executing :w
2025-04-16 05:23:29.353 [info] Executing :w
2025-04-16 05:24:01.444 [info] Executing :w
2025-04-16 05:24:14.202 [info] Active editor: file:///home/daci/site/style.css
2025-04-16 05:24:16.436 [info] Active editor: file:///home/daci/site/index.html
2025-04-16 05:24:17.940 [info] Active editor: file:///home/daci/site/index.html
2025-04-16 05:24:21.881 [info] Active editor: file:///home/daci/site/index.html
2025-04-16 05:24:22.376 [info] Active editor: file:///home/daci/site/index.html
2025-04-16 05:24:24.884 [info] Executing :edit style.css
2025-04-16 05:24:24.909 [info] Active editor: file:///home/daci/site/style.css
2025-04-16 05:24:24.916 [warning] getLineLength() called with out-of-bounds line 11
2025-04-16 05:24:24.916 [warning] invalid cursor position. [[11, 12] | [11, 12]].
2025-04-16 05:25:21.371 [info] Executing :w
2025-04-16 05:26:09.309 [info] Executing :w
2025-04-16 05:26:12.956 [info] Active editor: file:///home/daci/site/index.html
2025-04-16 05:26:23.702 [info] Executing :W
2025-04-16 05:26:24.944 [info] Executing :W
2025-04-16 05:26:26.952 [info] Executing :w
2025-04-16 05:26:31.463 [info] Active editor: file:///home/daci/site/style.css
2025-04-16 05:26:34.779 [info] Executing :w
2025-04-16 05:26:44.805 [info] Executing :w
2025-04-16 05:26:55.507 [info] Active editor: file:///home/daci/site/index.html
2025-04-16 05:27:04.175 [info] Executing :w
2025-04-16 05:27:08.442 [info] Active editor: file:///home/daci/site/style.css
2025-04-16 05:27:49.600 [info] Executing :w
2025-04-16 05:28:14.012 [info] Executing :w
2025-04-16 05:28:35.253 [info] Executing :w
2025-04-16 05:28:46.592 [info] Executing :W
2025-04-16 05:28:48.369 [info] Executing :w
2025-04-16 05:28:55.619 [info] Executing :w
2025-04-16 05:29:10.378 [info] Executing :w
2025-04-16 05:31:10.629 [info] Executing :w
2025-04-16 05:31:27.729 [info] Executing :w
2025-04-16 05:31:36.483 [info] Executing :w
2025-04-16 05:31:41.658 [info] Executing :w
2025-04-16 05:32:23.347 [info] Executing :w
2025-04-16 05:32:37.852 [info] Executing :w
2025-04-16 05:32:47.599 [info] Executing :w
2025-04-16 05:33:14.809 [info] Executing :w
2025-04-16 05:34:05.921 [info] Executing :w
2025-04-16 05:34:12.301 [info] Executing :w
2025-04-16 05:34:24.207 [info] Executing :w
2025-04-16 05:34:32.929 [info] Executing :w
2025-04-16 05:34:36.059 [info] Executing :w
2025-04-16 05:34:38.794 [info] Executing :w
2025-04-16 05:35:30.111 [info] Executing :w
2025-04-16 05:35:41.189 [info] Executing :w
2025-04-16 05:35:55.431 [info] Executing :w
2025-04-16 05:36:00.218 [info] Active editor: file:///home/daci/site/index.html
2025-04-16 05:36:03.960 [info] Executing :w
2025-04-16 05:36:18.804 [info] Active editor: file:///home/daci/site/style.css
2025-04-16 05:36:21.690 [info] Executing :w
2025-04-16 05:36:25.716 [info] Executing :w
2025-04-16 05:36:36.009 [info] Executing :w
2025-04-16 05:36:52.321 [info] Executing :w
2025-04-16 05:37:00.926 [info] Executing :w
2025-04-16 05:37:13.395 [info] Executing :w
2025-04-16 05:38:15.376 [info] /home/daci/site/index.html closed
2025-04-16 05:43:35.918 [info] Executing :w
2025-04-16 05:44:57.993 [info] /home/daci/.config/Code - OSS/User/settings.json closed
2025-04-16 05:44:58.011 [info] Configuration changed
2025-04-16 05:44:59.465 [info] Active editor: file:///home/daci/site/index.html
2025-04-16 05:45:35.295 [info] Executing :w
2025-04-16 05:45:47.761 [info] Active editor: file:///home/daci/site/style.css
2025-04-16 05:45:54.509 [info] Executing :w
