2025-04-14 05:59:56.543 [info] Extension host with pid 7968 started
2025-04-14 05:59:56.543 [info] Skipping acquiring lock for /home/daci/.config/Code - OSS/User/workspaceStorage/5a879bf42328be6740f234db0e8ab692.
2025-04-14 05:59:56.703 [info] ExtensionService#_doActivateExtension vscode.emmet, startup: false, activationEvent: 'onLanguage'
2025-04-14 05:59:56.751 [info] ExtensionService#_doActivateExtension vscode.html-language-features, startup: false, activationEvent: 'onLanguage:html'
2025-04-14 05:59:57.595 [info] ExtensionService#_doActivateExtension vscode.git-base, startup: true, activationEvent: '*', root cause: vscode.git
2025-04-14 05:59:57.601 [info] ExtensionService#_doActivateExtension vscode.npm, startup: true, activationEvent: 'workspaceContains:package.json'
2025-04-14 05:59:57.643 [info] ExtensionService#_doActivateExtension vscode.git, startup: true, activationEvent: '*'
2025-04-14 05:59:57.754 [info] ExtensionService#_doActivateExtension vscode.github, startup: true, activationEvent: '*'
2025-04-14 05:59:57.842 [info] Eager extensions activated
2025-04-14 05:59:57.888 [info] ExtensionService#_doActivateExtension vscode.debug-auto-launch, startup: false, activationEvent: 'onStartupFinished'
2025-04-14 05:59:57.892 [info] ExtensionService#_doActivateExtension vscode.merge-conflict, startup: false, activationEvent: 'onStartupFinished'
2025-04-14 05:59:57.925 [info] ExtensionService#_doActivateExtension ritwickdey.LiveServer, startup: false, activationEvent: 'onStartupFinished'
2025-04-14 05:59:57.936 [info] ExtensionService#_doActivateExtension vscodevim.vim, startup: false, activationEvent: 'onStartupFinished'
2025-04-14 06:00:02.859 [info] ExtensionService#_doActivateExtension vscode.configuration-editing, startup: false, activationEvent: 'onLanguage:json'
2025-04-14 06:00:02.868 [info] ExtensionService#_doActivateExtension vscode.extension-editing, startup: false, activationEvent: 'onLanguage:json'
2025-04-14 06:00:02.884 [info] ExtensionService#_doActivateExtension vscode.json-language-features, startup: false, activationEvent: 'onLanguage:json'
2025-04-14 06:00:19.711 [info] Extension host terminating: renderer closed the MessagePort
2025-04-14 06:00:19.725 [info] Extension host with pid 7968 exiting with code 0
2025-04-14 06:00:21.099 [info] Extension host with pid 8252 started
2025-04-14 06:00:21.099 [info] Skipping acquiring lock for /home/daci/.config/Code - OSS/User/workspaceStorage/9a01e157c08ba1988f4a116b0abe03b0.
2025-04-14 06:00:21.115 [info] ExtensionService#_doActivateExtension vscode.git-base, startup: true, activationEvent: '*', root cause: vscode.git
2025-04-14 06:00:21.122 [info] ExtensionService#_doActivateExtension vscode.git, startup: true, activationEvent: '*'
2025-04-14 06:00:21.181 [info] ExtensionService#_doActivateExtension vscode.github, startup: true, activationEvent: '*'
2025-04-14 06:00:21.238 [info] Eager extensions activated
2025-04-14 06:00:21.254 [info] ExtensionService#_doActivateExtension vscode.debug-auto-launch, startup: false, activationEvent: 'onStartupFinished'
2025-04-14 06:00:21.257 [info] ExtensionService#_doActivateExtension vscode.merge-conflict, startup: false, activationEvent: 'onStartupFinished'
2025-04-14 06:00:21.272 [info] ExtensionService#_doActivateExtension ritwickdey.LiveServer, startup: false, activationEvent: 'onStartupFinished'
2025-04-14 06:00:21.276 [info] ExtensionService#_doActivateExtension vscodevim.vim, startup: false, activationEvent: 'onStartupFinished'
2025-04-14 06:00:42.123 [info] ExtensionService#_doActivateExtension vscode.html-language-features, startup: false, activationEvent: 'onLanguage:html'
2025-04-14 06:00:42.231 [info] ExtensionService#_doActivateExtension vscode.emmet, startup: false, activationEvent: 'onLanguage'
2025-04-14 06:01:19.508 [info] ExtensionService#_doActivateExtension vscode.css-language-features, startup: false, activationEvent: 'onLanguage:css'
2025-04-14 06:01:19.608 [warning] TextEditor is closed/disposed
2025-04-14 06:01:19.608 [warning] TextEditor is closed/disposed
2025-04-14 06:01:19.640 [warning] ExtHostTextEditorOptions 'setCursorStyle' failed:'
2025-04-14 06:01:19.640 [warning] Illegal argument: TextEditor(vs.editor.ICodeEditor:1,$model1)
2025-04-14 06:01:32.779 [warning] Illegal argument: TextEditor(vs.editor.ICodeEditor:3,$model3)
2025-04-14 06:01:32.779 [warning] Illegal argument: TextEditor(vs.editor.ICodeEditor:3,$model3)
2025-04-14 06:02:00.307 [info] ExtensionService#_doActivateExtension vscode.configuration-editing, startup: false, activationEvent: 'onLanguage:jsonc'
2025-04-14 06:02:00.325 [info] ExtensionService#_doActivateExtension vscode.json-language-features, startup: false, activationEvent: 'onLanguage:jsonc'
2025-04-14 06:02:00.388 [info] ExtensionService#_doActivateExtension vscode.typescript-language-features, startup: false, activationEvent: 'onLanguage:jsonc'
